<?xml version="1.0" encoding="UTF-8"?>
<!-- Generated by org.testng.reporters.JUnitXMLReporter -->
<testsuite hostname="LAPTOP-B2GBGQ26" name="Test" tests="6" failures="1" timestamp="12 Jun 2021 07:13:19 GMT" time="8.535" errors="0">
  <testcase name="test1" time="0.007" classname="listeners.TestNGListenersDemo"/>
  <testcase name="test2" time="8.498" classname="listeners.TestNGListenersDemo"/>
  <testcase name="test3" time="0.002" classname="listeners.TestNGListenersDemo">
    <skipped/>
  </testcase> <!-- test3 -->
  <testcase name="test4" time="0.003" classname="listeners.TestNGListenersDemo2"/>
  <testcase name="test5" time="0.004" classname="listeners.TestNGListenersDemo2">
    <failure type="java.lang.AssertionError">
      <![CDATA[java.lang.AssertionError
	at org.junit.Assert.fail(Assert.java:87)
	at org.junit.Assert.assertTrue(Assert.java:42)
	at org.junit.Assert.assertTrue(Assert.java:53)
	at listeners.TestNGListenersDemo2.test5(TestNGListenersDemo2.java:20)
... Removed 24 stack frames]]>
    </failure>
  </testcase> <!-- test5 -->
  <testcase name="test6" time="0.001" classname="listeners.TestNGListenersDemo2">
    <skipped/>
  </testcase> <!-- test6 -->
</testsuite> <!-- Test -->
